2024-03-07T01:01:47.226Z [Modules] Modules initializing
2024-03-07T01:01:47.227Z [Modules] Distribution: remote
2024-03-07T01:01:47.227Z [Modules] Host updates: enabled
2024-03-07T01:01:47.227Z [Modules] Module updates: enabled
2024-03-07T01:01:47.228Z [Modules] Module install path: /home/kapud/.config/discord/0.0.44/modules
2024-03-07T01:01:47.228Z [Modules] Module installed file path: /home/kapud/.config/discord/0.0.44/modules/installed.json
2024-03-07T01:01:47.228Z [Modules] Module download path: /home/kapud/.config/discord/0.0.44/modules/pending
2024-03-07T01:01:47.712Z [Modules] Bootstrapping...
2024-03-07T01:01:47.714Z [Modules] Installing discord_desktop_core@0 from /opt/discord/resources/bootstrap/discord_desktop_core.zip
2024-03-07T01:01:47.724Z [Modules] Failed installing discord_desktop_core@0: Error: ENOENT: no such file or directory, open '/opt/discord/resources/bootstrap/discord_desktop_core.zip'
2024-03-07T01:01:47.726Z [Modules] Installing discord_erlpack@0 from /opt/discord/resources/bootstrap/discord_erlpack.zip
2024-03-07T01:01:47.731Z [Modules] Failed installing discord_erlpack@0: Error: ENOENT: no such file or directory, open '/opt/discord/resources/bootstrap/discord_erlpack.zip'
2024-03-07T01:01:47.732Z [Modules] Installing discord_spellcheck@0 from /opt/discord/resources/bootstrap/discord_spellcheck.zip
2024-03-07T01:01:47.735Z [Modules] Failed installing discord_spellcheck@0: Error: ENOENT: no such file or directory, open '/opt/discord/resources/bootstrap/discord_spellcheck.zip'
2024-03-07T01:01:47.736Z [Modules] Installing discord_utils@0 from /opt/discord/resources/bootstrap/discord_utils.zip
2024-03-07T01:01:47.741Z [Modules] Failed installing discord_utils@0: Error: ENOENT: no such file or directory, open '/opt/discord/resources/bootstrap/discord_utils.zip'
2024-03-07T01:01:47.742Z [Modules] Installing discord_voice@0 from /opt/discord/resources/bootstrap/discord_voice.zip
2024-03-07T01:01:47.746Z [Modules] Failed installing discord_voice@0: Error: ENOENT: no such file or directory, open '/opt/discord/resources/bootstrap/discord_voice.zip'
2024-03-07T01:01:47.747Z [Modules] Finished module installations. [success: 0] [failure: 5]
2024-03-07T01:01:47.748Z [Modules] Checking for host updates.
2024-03-07T01:01:47.979Z [Modules] Host is up to date.
2024-03-07T01:01:47.979Z [Modules] Checking for module updates at https://discord.com/api/modules/stable/versions.json
2024-03-07T01:01:48.055Z [Modules] Module update available: discord_desktop_core@1 [installed: 0]
2024-03-07T01:01:48.056Z [Modules] Module update available: discord_erlpack@1 [installed: 0]
2024-03-07T01:01:48.056Z [Modules] Module update available: discord_spellcheck@1 [installed: 0]
2024-03-07T01:01:48.056Z [Modules] Module update available: discord_utils@1 [installed: 0]
2024-03-07T01:01:48.056Z [Modules] Module update available: discord_voice@1 [installed: 0]
2024-03-07T01:01:48.057Z [Modules] Fetching discord_desktop_core@1 from https://discord.com/api/modules/stable/discord_desktop_core/1
2024-03-07T01:01:48.057Z [Modules] Streaming discord_desktop_core@1 to /home/kapud/.config/discord/0.0.44/modules/pending/discord_desktop_core-1.zip
2024-03-07T01:01:48.290Z [Modules] Streaming discord_desktop_core@1 to /home/kapud/.config/discord/0.0.44/modules/pending/discord_desktop_core-1.zip: 1%
2024-03-07T01:01:48.300Z [Modules] Streaming discord_desktop_core@1 to /home/kapud/.config/discord/0.0.44/modules/pending/discord_desktop_core-1.zip: 2%
2024-03-07T01:01:48.315Z [Modules] Streaming discord_desktop_core@1 to /home/kapud/.config/discord/0.0.44/modules/pending/discord_desktop_core-1.zip: 3%
2024-03-07T01:01:48.326Z [Modules] Streaming discord_desktop_core@1 to /home/kapud/.config/discord/0.0.44/modules/pending/discord_desktop_core-1.zip: 4%
2024-03-07T01:01:48.339Z [Modules] Streaming discord_desktop_core@1 to /home/kapud/.config/discord/0.0.44/modules/pending/discord_desktop_core-1.zip: 7%
2024-03-07T01:01:48.349Z [Modules] Streaming discord_desktop_core@1 to /home/kapud/.config/discord/0.0.44/modules/pending/discord_desktop_core-1.zip: 9%
2024-03-07T01:01:48.355Z [Modules] Streaming discord_desktop_core@1 to /home/kapud/.config/discord/0.0.44/modules/pending/discord_desktop_core-1.zip: 12%
2024-03-07T01:01:48.359Z [Modules] Streaming discord_desktop_core@1 to /home/kapud/.config/discord/0.0.44/modules/pending/discord_desktop_core-1.zip: 13%
2024-03-07T01:01:48.362Z [Modules] Streaming discord_desktop_core@1 to /home/kapud/.config/discord/0.0.44/modules/pending/discord_desktop_core-1.zip: 16%
2024-03-07T01:01:48.368Z [Modules] Streaming discord_desktop_core@1 to /home/kapud/.config/discord/0.0.44/modules/pending/discord_desktop_core-1.zip: 19%
2024-03-07T01:01:48.373Z [Modules] Streaming discord_desktop_core@1 to /home/kapud/.config/discord/0.0.44/modules/pending/discord_desktop_core-1.zip: 22%
2024-03-07T01:01:48.377Z [Modules] Streaming discord_desktop_core@1 to /home/kapud/.config/discord/0.0.44/modules/pending/discord_desktop_core-1.zip: 25%
2024-03-07T01:01:48.380Z [Modules] Streaming discord_desktop_core@1 to /home/kapud/.config/discord/0.0.44/modules/pending/discord_desktop_core-1.zip: 28%
2024-03-07T01:01:48.383Z [Modules] Streaming discord_desktop_core@1 to /home/kapud/.config/discord/0.0.44/modules/pending/discord_desktop_core-1.zip: 31%
2024-03-07T01:01:48.387Z [Modules] Streaming discord_desktop_core@1 to /home/kapud/.config/discord/0.0.44/modules/pending/discord_desktop_core-1.zip: 34%
2024-03-07T01:01:48.391Z [Modules] Streaming discord_desktop_core@1 to /home/kapud/.config/discord/0.0.44/modules/pending/discord_desktop_core-1.zip: 39%
2024-03-07T01:01:48.395Z [Modules] Streaming discord_desktop_core@1 to /home/kapud/.config/discord/0.0.44/modules/pending/discord_desktop_core-1.zip: 42%
2024-03-07T01:01:48.406Z [Modules] Streaming discord_desktop_core@1 to /home/kapud/.config/discord/0.0.44/modules/pending/discord_desktop_core-1.zip: 45%
2024-03-07T01:01:48.410Z [Modules] Streaming discord_desktop_core@1 to /home/kapud/.config/discord/0.0.44/modules/pending/discord_desktop_core-1.zip: 48%
2024-03-07T01:01:48.415Z [Modules] Streaming discord_desktop_core@1 to /home/kapud/.config/discord/0.0.44/modules/pending/discord_desktop_core-1.zip: 61%
2024-03-07T01:01:48.419Z [Modules] Streaming discord_desktop_core@1 to /home/kapud/.config/discord/0.0.44/modules/pending/discord_desktop_core-1.zip: 68%
2024-03-07T01:01:48.424Z [Modules] Streaming discord_desktop_core@1 to /home/kapud/.config/discord/0.0.44/modules/pending/discord_desktop_core-1.zip: 83%
2024-03-07T01:01:48.433Z [Modules] Streaming discord_desktop_core@1 to /home/kapud/.config/discord/0.0.44/modules/pending/discord_desktop_core-1.zip: 86%
2024-03-07T01:01:48.438Z [Modules] Streaming discord_desktop_core@1 to /home/kapud/.config/discord/0.0.44/modules/pending/discord_desktop_core-1.zip: 95%
2024-03-07T01:01:48.442Z [Modules] Streaming discord_desktop_core@1 to /home/kapud/.config/discord/0.0.44/modules/pending/discord_desktop_core-1.zip: 100%
2024-03-07T01:01:48.451Z [Modules] Fetching discord_erlpack@1 from https://discord.com/api/modules/stable/discord_erlpack/1
2024-03-07T01:01:48.452Z [Modules] Streaming discord_erlpack@1 to /home/kapud/.config/discord/0.0.44/modules/pending/discord_erlpack-1.zip
2024-03-07T01:01:48.577Z [Modules] Streaming discord_erlpack@1 to /home/kapud/.config/discord/0.0.44/modules/pending/discord_erlpack-1.zip: 3%
2024-03-07T01:01:48.580Z [Modules] Streaming discord_erlpack@1 to /home/kapud/.config/discord/0.0.44/modules/pending/discord_erlpack-1.zip: 17%
2024-03-07T01:01:48.584Z [Modules] Streaming discord_erlpack@1 to /home/kapud/.config/discord/0.0.44/modules/pending/discord_erlpack-1.zip: 28%
2024-03-07T01:01:48.588Z [Modules] Streaming discord_erlpack@1 to /home/kapud/.config/discord/0.0.44/modules/pending/discord_erlpack-1.zip: 40%
2024-03-07T01:01:48.597Z [Modules] Streaming discord_erlpack@1 to /home/kapud/.config/discord/0.0.44/modules/pending/discord_erlpack-1.zip: 63%
2024-03-07T01:01:48.601Z [Modules] Streaming discord_erlpack@1 to /home/kapud/.config/discord/0.0.44/modules/pending/discord_erlpack-1.zip: 75%
2024-03-07T01:01:48.604Z [Modules] Streaming discord_erlpack@1 to /home/kapud/.config/discord/0.0.44/modules/pending/discord_erlpack-1.zip: 86%
2024-03-07T01:01:48.607Z [Modules] Streaming discord_erlpack@1 to /home/kapud/.config/discord/0.0.44/modules/pending/discord_erlpack-1.zip: 96%
2024-03-07T01:01:48.610Z [Modules] Streaming discord_erlpack@1 to /home/kapud/.config/discord/0.0.44/modules/pending/discord_erlpack-1.zip: 98%
2024-03-07T01:01:48.630Z [Modules] Streaming discord_erlpack@1 to /home/kapud/.config/discord/0.0.44/modules/pending/discord_erlpack-1.zip: 100%
2024-03-07T01:01:48.633Z [Modules] Fetching discord_spellcheck@1 from https://discord.com/api/modules/stable/discord_spellcheck/1
2024-03-07T01:01:48.634Z [Modules] Streaming discord_spellcheck@1 to /home/kapud/.config/discord/0.0.44/modules/pending/discord_spellcheck-1.zip
2024-03-07T01:01:48.760Z [Modules] Streaming discord_spellcheck@1 to /home/kapud/.config/discord/0.0.44/modules/pending/discord_spellcheck-1.zip: 1%
2024-03-07T01:01:48.765Z [Modules] Streaming discord_spellcheck@1 to /home/kapud/.config/discord/0.0.44/modules/pending/discord_spellcheck-1.zip: 4%
2024-03-07T01:01:48.770Z [Modules] Streaming discord_spellcheck@1 to /home/kapud/.config/discord/0.0.44/modules/pending/discord_spellcheck-1.zip: 5%
2024-03-07T01:01:48.775Z [Modules] Streaming discord_spellcheck@1 to /home/kapud/.config/discord/0.0.44/modules/pending/discord_spellcheck-1.zip: 8%
2024-03-07T01:01:48.780Z [Modules] Streaming discord_spellcheck@1 to /home/kapud/.config/discord/0.0.44/modules/pending/discord_spellcheck-1.zip: 10%
2024-03-07T01:01:48.784Z [Modules] Streaming discord_spellcheck@1 to /home/kapud/.config/discord/0.0.44/modules/pending/discord_spellcheck-1.zip: 13%
2024-03-07T01:01:48.788Z [Modules] Streaming discord_spellcheck@1 to /home/kapud/.config/discord/0.0.44/modules/pending/discord_spellcheck-1.zip: 15%
2024-03-07T01:01:48.792Z [Modules] Streaming discord_spellcheck@1 to /home/kapud/.config/discord/0.0.44/modules/pending/discord_spellcheck-1.zip: 17%
2024-03-07T01:01:48.798Z [Modules] Streaming discord_spellcheck@1 to /home/kapud/.config/discord/0.0.44/modules/pending/discord_spellcheck-1.zip: 20%
2024-03-07T01:01:48.804Z [Modules] Streaming discord_spellcheck@1 to /home/kapud/.config/discord/0.0.44/modules/pending/discord_spellcheck-1.zip: 23%
2024-03-07T01:01:48.808Z [Modules] Streaming discord_spellcheck@1 to /home/kapud/.config/discord/0.0.44/modules/pending/discord_spellcheck-1.zip: 25%
2024-03-07T01:01:48.812Z [Modules] Streaming discord_spellcheck@1 to /home/kapud/.config/discord/0.0.44/modules/pending/discord_spellcheck-1.zip: 28%
2024-03-07T01:01:48.816Z [Modules] Streaming discord_spellcheck@1 to /home/kapud/.config/discord/0.0.44/modules/pending/discord_spellcheck-1.zip: 30%
2024-03-07T01:01:48.821Z [Modules] Streaming discord_spellcheck@1 to /home/kapud/.config/discord/0.0.44/modules/pending/discord_spellcheck-1.zip: 33%
2024-03-07T01:01:48.825Z [Modules] Streaming discord_spellcheck@1 to /home/kapud/.config/discord/0.0.44/modules/pending/discord_spellcheck-1.zip: 34%
2024-03-07T01:01:48.849Z [Modules] Streaming discord_spellcheck@1 to /home/kapud/.config/discord/0.0.44/modules/pending/discord_spellcheck-1.zip: 35%
2024-03-07T01:01:48.853Z [Modules] Streaming discord_spellcheck@1 to /home/kapud/.config/discord/0.0.44/modules/pending/discord_spellcheck-1.zip: 38%
2024-03-07T01:01:48.858Z [Modules] Streaming discord_spellcheck@1 to /home/kapud/.config/discord/0.0.44/modules/pending/discord_spellcheck-1.zip: 40%
2024-03-07T01:01:48.862Z [Modules] Streaming discord_spellcheck@1 to /home/kapud/.config/discord/0.0.44/modules/pending/discord_spellcheck-1.zip: 41%
2024-03-07T01:01:48.866Z [Modules] Streaming discord_spellcheck@1 to /home/kapud/.config/discord/0.0.44/modules/pending/discord_spellcheck-1.zip: 45%
2024-03-07T01:01:48.869Z [Modules] Streaming discord_spellcheck@1 to /home/kapud/.config/discord/0.0.44/modules/pending/discord_spellcheck-1.zip: 46%
2024-03-07T01:01:48.873Z [Modules] Streaming discord_spellcheck@1 to /home/kapud/.config/discord/0.0.44/modules/pending/discord_spellcheck-1.zip: 47%
2024-03-07T01:01:48.877Z [Modules] Streaming discord_spellcheck@1 to /home/kapud/.config/discord/0.0.44/modules/pending/discord_spellcheck-1.zip: 49%
2024-03-07T01:01:48.882Z [Modules] Streaming discord_spellcheck@1 to /home/kapud/.config/discord/0.0.44/modules/pending/discord_spellcheck-1.zip: 52%
2024-03-07T01:01:48.885Z [Modules] Streaming discord_spellcheck@1 to /home/kapud/.config/discord/0.0.44/modules/pending/discord_spellcheck-1.zip: 54%
2024-03-07T01:01:48.889Z [Modules] Streaming discord_spellcheck@1 to /home/kapud/.config/discord/0.0.44/modules/pending/discord_spellcheck-1.zip: 56%
2024-03-07T01:01:48.894Z [Modules] Streaming discord_spellcheck@1 to /home/kapud/.config/discord/0.0.44/modules/pending/discord_spellcheck-1.zip: 57%
2024-03-07T01:01:48.899Z [Modules] Streaming discord_spellcheck@1 to /home/kapud/.config/discord/0.0.44/modules/pending/discord_spellcheck-1.zip: 61%
2024-03-07T01:01:48.902Z [Modules] Streaming discord_spellcheck@1 to /home/kapud/.config/discord/0.0.44/modules/pending/discord_spellcheck-1.zip: 62%
2024-03-07T01:01:48.905Z [Modules] Streaming discord_spellcheck@1 to /home/kapud/.config/discord/0.0.44/modules/pending/discord_spellcheck-1.zip: 63%
2024-03-07T01:01:48.910Z [Modules] Streaming discord_spellcheck@1 to /home/kapud/.config/discord/0.0.44/modules/pending/discord_spellcheck-1.zip: 65%
2024-03-07T01:01:48.914Z [Modules] Streaming discord_spellcheck@1 to /home/kapud/.config/discord/0.0.44/modules/pending/discord_spellcheck-1.zip: 68%
2024-03-07T01:01:48.917Z [Modules] Streaming discord_spellcheck@1 to /home/kapud/.config/discord/0.0.44/modules/pending/discord_spellcheck-1.zip: 70%
2024-03-07T01:01:48.919Z [Modules] Streaming discord_spellcheck@1 to /home/kapud/.config/discord/0.0.44/modules/pending/discord_spellcheck-1.zip: 72%
2024-03-07T01:01:48.924Z [Modules] Streaming discord_spellcheck@1 to /home/kapud/.config/discord/0.0.44/modules/pending/discord_spellcheck-1.zip: 73%
2024-03-07T01:01:48.926Z [Modules] Streaming discord_spellcheck@1 to /home/kapud/.config/discord/0.0.44/modules/pending/discord_spellcheck-1.zip: 74%
2024-03-07T01:01:48.928Z [Modules] Streaming discord_spellcheck@1 to /home/kapud/.config/discord/0.0.44/modules/pending/discord_spellcheck-1.zip: 75%
2024-03-07T01:01:48.931Z [Modules] Streaming discord_spellcheck@1 to /home/kapud/.config/discord/0.0.44/modules/pending/discord_spellcheck-1.zip: 77%
2024-03-07T01:01:48.933Z [Modules] Streaming discord_spellcheck@1 to /home/kapud/.config/discord/0.0.44/modules/pending/discord_spellcheck-1.zip: 78%
2024-03-07T01:01:48.937Z [Modules] Streaming discord_spellcheck@1 to /home/kapud/.config/discord/0.0.44/modules/pending/discord_spellcheck-1.zip: 79%
2024-03-07T01:01:48.939Z [Modules] Streaming discord_spellcheck@1 to /home/kapud/.config/discord/0.0.44/modules/pending/discord_spellcheck-1.zip: 80%
2024-03-07T01:01:48.941Z [Modules] Streaming discord_spellcheck@1 to /home/kapud/.config/discord/0.0.44/modules/pending/discord_spellcheck-1.zip: 81%
2024-03-07T01:01:48.944Z [Modules] Streaming discord_spellcheck@1 to /home/kapud/.config/discord/0.0.44/modules/pending/discord_spellcheck-1.zip: 82%
2024-03-07T01:01:48.947Z [Modules] Streaming discord_spellcheck@1 to /home/kapud/.config/discord/0.0.44/modules/pending/discord_spellcheck-1.zip: 84%
2024-03-07T01:01:48.974Z [Modules] Streaming discord_spellcheck@1 to /home/kapud/.config/discord/0.0.44/modules/pending/discord_spellcheck-1.zip: 85%
2024-03-07T01:01:48.983Z [Modules] Streaming discord_spellcheck@1 to /home/kapud/.config/discord/0.0.44/modules/pending/discord_spellcheck-1.zip: 89%
2024-03-07T01:01:48.992Z [Modules] Streaming discord_spellcheck@1 to /home/kapud/.config/discord/0.0.44/modules/pending/discord_spellcheck-1.zip: 94%
2024-03-07T01:01:49.000Z [Modules] Streaming discord_spellcheck@1 to /home/kapud/.config/discord/0.0.44/modules/pending/discord_spellcheck-1.zip: 97%
2024-03-07T01:01:49.004Z [Modules] Streaming discord_spellcheck@1 to /home/kapud/.config/discord/0.0.44/modules/pending/discord_spellcheck-1.zip: 100%
2024-03-07T01:01:49.011Z [Modules] Fetching discord_utils@1 from https://discord.com/api/modules/stable/discord_utils/1
2024-03-07T01:01:49.011Z [Modules] Streaming discord_utils@1 to /home/kapud/.config/discord/0.0.44/modules/pending/discord_utils-1.zip
2024-03-07T01:01:49.150Z [Modules] Streaming discord_utils@1 to /home/kapud/.config/discord/0.0.44/modules/pending/discord_utils-1.zip: 2%
2024-03-07T01:01:49.154Z [Modules] Streaming discord_utils@1 to /home/kapud/.config/discord/0.0.44/modules/pending/discord_utils-1.zip: 13%
2024-03-07T01:01:49.159Z [Modules] Streaming discord_utils@1 to /home/kapud/.config/discord/0.0.44/modules/pending/discord_utils-1.zip: 21%
2024-03-07T01:01:49.164Z [Modules] Streaming discord_utils@1 to /home/kapud/.config/discord/0.0.44/modules/pending/discord_utils-1.zip: 30%
2024-03-07T01:01:49.169Z [Modules] Streaming discord_utils@1 to /home/kapud/.config/discord/0.0.44/modules/pending/discord_utils-1.zip: 43%
2024-03-07T01:01:49.173Z [Modules] Streaming discord_utils@1 to /home/kapud/.config/discord/0.0.44/modules/pending/discord_utils-1.zip: 53%
2024-03-07T01:01:49.178Z [Modules] Streaming discord_utils@1 to /home/kapud/.config/discord/0.0.44/modules/pending/discord_utils-1.zip: 60%
2024-03-07T01:01:49.183Z [Modules] Streaming discord_utils@1 to /home/kapud/.config/discord/0.0.44/modules/pending/discord_utils-1.zip: 64%
2024-03-07T01:01:49.187Z [Modules] Streaming discord_utils@1 to /home/kapud/.config/discord/0.0.44/modules/pending/discord_utils-1.zip: 67%
2024-03-07T01:01:49.190Z [Modules] Streaming discord_utils@1 to /home/kapud/.config/discord/0.0.44/modules/pending/discord_utils-1.zip: 80%
2024-03-07T01:01:49.194Z [Modules] Streaming discord_utils@1 to /home/kapud/.config/discord/0.0.44/modules/pending/discord_utils-1.zip: 88%
2024-03-07T01:01:49.198Z [Modules] Streaming discord_utils@1 to /home/kapud/.config/discord/0.0.44/modules/pending/discord_utils-1.zip: 95%
2024-03-07T01:01:49.202Z [Modules] Streaming discord_utils@1 to /home/kapud/.config/discord/0.0.44/modules/pending/discord_utils-1.zip: 100%
2024-03-07T01:01:49.209Z [Modules] Fetching discord_voice@1 from https://discord.com/api/modules/stable/discord_voice/1
2024-03-07T01:01:49.210Z [Modules] Streaming discord_voice@1 to /home/kapud/.config/discord/0.0.44/modules/pending/discord_voice-1.zip
2024-03-07T01:01:49.349Z [Modules] Streaming discord_voice@1 to /home/kapud/.config/discord/0.0.44/modules/pending/discord_voice-1.zip: 1%
2024-03-07T01:01:49.353Z [Modules] Streaming discord_voice@1 to /home/kapud/.config/discord/0.0.44/modules/pending/discord_voice-1.zip: 2%
2024-03-07T01:01:49.359Z [Modules] Streaming discord_voice@1 to /home/kapud/.config/discord/0.0.44/modules/pending/discord_voice-1.zip: 3%
2024-03-07T01:01:49.364Z [Modules] Streaming discord_voice@1 to /home/kapud/.config/discord/0.0.44/modules/pending/discord_voice-1.zip: 4%
2024-03-07T01:01:49.369Z [Modules] Streaming discord_voice@1 to /home/kapud/.config/discord/0.0.44/modules/pending/discord_voice-1.zip: 5%
2024-03-07T01:01:49.373Z [Modules] Streaming discord_voice@1 to /home/kapud/.config/discord/0.0.44/modules/pending/discord_voice-1.zip: 6%
2024-03-07T01:01:49.378Z [Modules] Streaming discord_voice@1 to /home/kapud/.config/discord/0.0.44/modules/pending/discord_voice-1.zip: 7%
2024-03-07T01:01:49.384Z [Modules] Streaming discord_voice@1 to /home/kapud/.config/discord/0.0.44/modules/pending/discord_voice-1.zip: 8%
2024-03-07T01:01:49.387Z [Modules] Streaming discord_voice@1 to /home/kapud/.config/discord/0.0.44/modules/pending/discord_voice-1.zip: 9%
2024-03-07T01:01:49.416Z [Modules] Streaming discord_voice@1 to /home/kapud/.config/discord/0.0.44/modules/pending/discord_voice-1.zip: 13%
2024-03-07T01:01:49.421Z [Modules] Streaming discord_voice@1 to /home/kapud/.config/discord/0.0.44/modules/pending/discord_voice-1.zip: 14%
2024-03-07T01:01:49.425Z [Modules] Streaming discord_voice@1 to /home/kapud/.config/discord/0.0.44/modules/pending/discord_voice-1.zip: 15%
2024-03-07T01:01:49.429Z [Modules] Streaming discord_voice@1 to /home/kapud/.config/discord/0.0.44/modules/pending/discord_voice-1.zip: 16%
2024-03-07T01:01:49.434Z [Modules] Streaming discord_voice@1 to /home/kapud/.config/discord/0.0.44/modules/pending/discord_voice-1.zip: 17%
2024-03-07T01:01:49.440Z [Modules] Streaming discord_voice@1 to /home/kapud/.config/discord/0.0.44/modules/pending/discord_voice-1.zip: 18%
2024-03-07T01:01:49.444Z [Modules] Streaming discord_voice@1 to /home/kapud/.config/discord/0.0.44/modules/pending/discord_voice-1.zip: 19%
2024-03-07T01:01:49.449Z [Modules] Streaming discord_voice@1 to /home/kapud/.config/discord/0.0.44/modules/pending/discord_voice-1.zip: 20%
2024-03-07T01:01:49.456Z [Modules] Streaming discord_voice@1 to /home/kapud/.config/discord/0.0.44/modules/pending/discord_voice-1.zip: 21%
2024-03-07T01:01:49.459Z [Modules] Streaming discord_voice@1 to /home/kapud/.config/discord/0.0.44/modules/pending/discord_voice-1.zip: 22%
2024-03-07T01:01:49.470Z [Modules] Streaming discord_voice@1 to /home/kapud/.config/discord/0.0.44/modules/pending/discord_voice-1.zip: 23%
2024-03-07T01:01:49.475Z [Modules] Streaming discord_voice@1 to /home/kapud/.config/discord/0.0.44/modules/pending/discord_voice-1.zip: 24%
2024-03-07T01:01:49.479Z [Modules] Streaming discord_voice@1 to /home/kapud/.config/discord/0.0.44/modules/pending/discord_voice-1.zip: 25%
2024-03-07T01:01:49.489Z [Modules] Streaming discord_voice@1 to /home/kapud/.config/discord/0.0.44/modules/pending/discord_voice-1.zip: 26%
2024-03-07T01:01:49.495Z [Modules] Streaming discord_voice@1 to /home/kapud/.config/discord/0.0.44/modules/pending/discord_voice-1.zip: 27%
2024-03-07T01:01:49.500Z [Modules] Streaming discord_voice@1 to /home/kapud/.config/discord/0.0.44/modules/pending/discord_voice-1.zip: 28%
2024-03-07T01:01:49.508Z [Modules] Streaming discord_voice@1 to /home/kapud/.config/discord/0.0.44/modules/pending/discord_voice-1.zip: 29%
2024-03-07T01:01:49.519Z [Modules] Streaming discord_voice@1 to /home/kapud/.config/discord/0.0.44/modules/pending/discord_voice-1.zip: 30%
2024-03-07T01:01:49.527Z [Modules] Streaming discord_voice@1 to /home/kapud/.config/discord/0.0.44/modules/pending/discord_voice-1.zip: 31%
2024-03-07T01:01:49.532Z [Modules] Streaming discord_voice@1 to /home/kapud/.config/discord/0.0.44/modules/pending/discord_voice-1.zip: 32%
2024-03-07T01:01:49.543Z [Modules] Streaming discord_voice@1 to /home/kapud/.config/discord/0.0.44/modules/pending/discord_voice-1.zip: 33%
2024-03-07T01:01:49.553Z [Modules] Streaming discord_voice@1 to /home/kapud/.config/discord/0.0.44/modules/pending/discord_voice-1.zip: 34%
2024-03-07T01:01:49.557Z [Modules] Streaming discord_voice@1 to /home/kapud/.config/discord/0.0.44/modules/pending/discord_voice-1.zip: 35%
2024-03-07T01:01:49.561Z [Modules] Streaming discord_voice@1 to /home/kapud/.config/discord/0.0.44/modules/pending/discord_voice-1.zip: 36%
2024-03-07T01:01:49.566Z [Modules] Streaming discord_voice@1 to /home/kapud/.config/discord/0.0.44/modules/pending/discord_voice-1.zip: 37%
2024-03-07T01:01:49.570Z [Modules] Streaming discord_voice@1 to /home/kapud/.config/discord/0.0.44/modules/pending/discord_voice-1.zip: 38%
2024-03-07T01:01:49.578Z [Modules] Streaming discord_voice@1 to /home/kapud/.config/discord/0.0.44/modules/pending/discord_voice-1.zip: 39%
2024-03-07T01:01:49.583Z [Modules] Streaming discord_voice@1 to /home/kapud/.config/discord/0.0.44/modules/pending/discord_voice-1.zip: 40%
2024-03-07T01:01:49.593Z [Modules] Streaming discord_voice@1 to /home/kapud/.config/discord/0.0.44/modules/pending/discord_voice-1.zip: 41%
2024-03-07T01:01:49.598Z [Modules] Streaming discord_voice@1 to /home/kapud/.config/discord/0.0.44/modules/pending/discord_voice-1.zip: 42%
2024-03-07T01:01:49.602Z [Modules] Streaming discord_voice@1 to /home/kapud/.config/discord/0.0.44/modules/pending/discord_voice-1.zip: 43%
2024-03-07T01:01:49.606Z [Modules] Streaming discord_voice@1 to /home/kapud/.config/discord/0.0.44/modules/pending/discord_voice-1.zip: 44%
2024-03-07T01:01:49.610Z [Modules] Streaming discord_voice@1 to /home/kapud/.config/discord/0.0.44/modules/pending/discord_voice-1.zip: 45%
2024-03-07T01:01:49.617Z [Modules] Streaming discord_voice@1 to /home/kapud/.config/discord/0.0.44/modules/pending/discord_voice-1.zip: 46%
2024-03-07T01:01:49.624Z [Modules] Streaming discord_voice@1 to /home/kapud/.config/discord/0.0.44/modules/pending/discord_voice-1.zip: 47%
2024-03-07T01:01:49.629Z [Modules] Streaming discord_voice@1 to /home/kapud/.config/discord/0.0.44/modules/pending/discord_voice-1.zip: 48%
2024-03-07T01:01:49.636Z [Modules] Streaming discord_voice@1 to /home/kapud/.config/discord/0.0.44/modules/pending/discord_voice-1.zip: 49%
2024-03-07T01:01:49.640Z [Modules] Streaming discord_voice@1 to /home/kapud/.config/discord/0.0.44/modules/pending/discord_voice-1.zip: 50%
2024-03-07T01:01:49.646Z [Modules] Streaming discord_voice@1 to /home/kapud/.config/discord/0.0.44/modules/pending/discord_voice-1.zip: 51%
2024-03-07T01:01:49.651Z [Modules] Streaming discord_voice@1 to /home/kapud/.config/discord/0.0.44/modules/pending/discord_voice-1.zip: 52%
2024-03-07T01:01:49.657Z [Modules] Streaming discord_voice@1 to /home/kapud/.config/discord/0.0.44/modules/pending/discord_voice-1.zip: 53%
2024-03-07T01:01:49.663Z [Modules] Streaming discord_voice@1 to /home/kapud/.config/discord/0.0.44/modules/pending/discord_voice-1.zip: 54%
2024-03-07T01:01:49.669Z [Modules] Streaming discord_voice@1 to /home/kapud/.config/discord/0.0.44/modules/pending/discord_voice-1.zip: 55%
2024-03-07T01:01:49.687Z [Modules] Streaming discord_voice@1 to /home/kapud/.config/discord/0.0.44/modules/pending/discord_voice-1.zip: 56%
2024-03-07T01:01:49.692Z [Modules] Streaming discord_voice@1 to /home/kapud/.config/discord/0.0.44/modules/pending/discord_voice-1.zip: 57%
2024-03-07T01:01:49.696Z [Modules] Streaming discord_voice@1 to /home/kapud/.config/discord/0.0.44/modules/pending/discord_voice-1.zip: 58%
2024-03-07T01:01:49.701Z [Modules] Streaming discord_voice@1 to /home/kapud/.config/discord/0.0.44/modules/pending/discord_voice-1.zip: 59%
2024-03-07T01:01:49.705Z [Modules] Streaming discord_voice@1 to /home/kapud/.config/discord/0.0.44/modules/pending/discord_voice-1.zip: 60%
2024-03-07T01:01:49.711Z [Modules] Streaming discord_voice@1 to /home/kapud/.config/discord/0.0.44/modules/pending/discord_voice-1.zip: 61%
2024-03-07T01:01:49.716Z [Modules] Streaming discord_voice@1 to /home/kapud/.config/discord/0.0.44/modules/pending/discord_voice-1.zip: 62%
2024-03-07T01:01:49.720Z [Modules] Streaming discord_voice@1 to /home/kapud/.config/discord/0.0.44/modules/pending/discord_voice-1.zip: 63%
2024-03-07T01:01:49.725Z [Modules] Streaming discord_voice@1 to /home/kapud/.config/discord/0.0.44/modules/pending/discord_voice-1.zip: 64%
2024-03-07T01:01:49.729Z [Modules] Streaming discord_voice@1 to /home/kapud/.config/discord/0.0.44/modules/pending/discord_voice-1.zip: 65%
2024-03-07T01:01:49.733Z [Modules] Streaming discord_voice@1 to /home/kapud/.config/discord/0.0.44/modules/pending/discord_voice-1.zip: 66%
2024-03-07T01:01:49.738Z [Modules] Streaming discord_voice@1 to /home/kapud/.config/discord/0.0.44/modules/pending/discord_voice-1.zip: 67%
2024-03-07T01:01:49.745Z [Modules] Streaming discord_voice@1 to /home/kapud/.config/discord/0.0.44/modules/pending/discord_voice-1.zip: 68%
2024-03-07T01:01:49.749Z [Modules] Streaming discord_voice@1 to /home/kapud/.config/discord/0.0.44/modules/pending/discord_voice-1.zip: 69%
2024-03-07T01:01:49.780Z [Modules] Streaming discord_voice@1 to /home/kapud/.config/discord/0.0.44/modules/pending/discord_voice-1.zip: 70%
2024-03-07T01:01:49.785Z [Modules] Streaming discord_voice@1 to /home/kapud/.config/discord/0.0.44/modules/pending/discord_voice-1.zip: 71%
2024-03-07T01:01:49.789Z [Modules] Streaming discord_voice@1 to /home/kapud/.config/discord/0.0.44/modules/pending/discord_voice-1.zip: 72%
2024-03-07T01:01:49.803Z [Modules] Streaming discord_voice@1 to /home/kapud/.config/discord/0.0.44/modules/pending/discord_voice-1.zip: 73%
2024-03-07T01:01:49.808Z [Modules] Streaming discord_voice@1 to /home/kapud/.config/discord/0.0.44/modules/pending/discord_voice-1.zip: 74%
2024-03-07T01:01:49.813Z [Modules] Streaming discord_voice@1 to /home/kapud/.config/discord/0.0.44/modules/pending/discord_voice-1.zip: 75%
2024-03-07T01:01:49.818Z [Modules] Streaming discord_voice@1 to /home/kapud/.config/discord/0.0.44/modules/pending/discord_voice-1.zip: 76%
2024-03-07T01:01:49.830Z [Modules] Streaming discord_voice@1 to /home/kapud/.config/discord/0.0.44/modules/pending/discord_voice-1.zip: 77%
2024-03-07T01:01:49.836Z [Modules] Streaming discord_voice@1 to /home/kapud/.config/discord/0.0.44/modules/pending/discord_voice-1.zip: 78%
2024-03-07T01:01:49.843Z [Modules] Streaming discord_voice@1 to /home/kapud/.config/discord/0.0.44/modules/pending/discord_voice-1.zip: 79%
2024-03-07T01:01:49.849Z [Modules] Streaming discord_voice@1 to /home/kapud/.config/discord/0.0.44/modules/pending/discord_voice-1.zip: 80%
2024-03-07T01:01:49.854Z [Modules] Streaming discord_voice@1 to /home/kapud/.config/discord/0.0.44/modules/pending/discord_voice-1.zip: 81%
2024-03-07T01:01:49.862Z [Modules] Streaming discord_voice@1 to /home/kapud/.config/discord/0.0.44/modules/pending/discord_voice-1.zip: 82%
2024-03-07T01:01:49.871Z [Modules] Streaming discord_voice@1 to /home/kapud/.config/discord/0.0.44/modules/pending/discord_voice-1.zip: 83%
2024-03-07T01:01:49.877Z [Modules] Streaming discord_voice@1 to /home/kapud/.config/discord/0.0.44/modules/pending/discord_voice-1.zip: 84%
2024-03-07T01:01:49.884Z [Modules] Streaming discord_voice@1 to /home/kapud/.config/discord/0.0.44/modules/pending/discord_voice-1.zip: 85%
2024-03-07T01:01:49.888Z [Modules] Streaming discord_voice@1 to /home/kapud/.config/discord/0.0.44/modules/pending/discord_voice-1.zip: 86%
2024-03-07T01:01:49.892Z [Modules] Streaming discord_voice@1 to /home/kapud/.config/discord/0.0.44/modules/pending/discord_voice-1.zip: 87%
2024-03-07T01:01:49.898Z [Modules] Streaming discord_voice@1 to /home/kapud/.config/discord/0.0.44/modules/pending/discord_voice-1.zip: 88%
2024-03-07T01:01:49.915Z [Modules] Streaming discord_voice@1 to /home/kapud/.config/discord/0.0.44/modules/pending/discord_voice-1.zip: 89%
2024-03-07T01:01:49.922Z [Modules] Streaming discord_voice@1 to /home/kapud/.config/discord/0.0.44/modules/pending/discord_voice-1.zip: 90%
2024-03-07T01:01:49.927Z [Modules] Streaming discord_voice@1 to /home/kapud/.config/discord/0.0.44/modules/pending/discord_voice-1.zip: 91%
2024-03-07T01:01:49.935Z [Modules] Streaming discord_voice@1 to /home/kapud/.config/discord/0.0.44/modules/pending/discord_voice-1.zip: 92%
2024-03-07T01:01:49.939Z [Modules] Streaming discord_voice@1 to /home/kapud/.config/discord/0.0.44/modules/pending/discord_voice-1.zip: 93%
2024-03-07T01:01:49.943Z [Modules] Streaming discord_voice@1 to /home/kapud/.config/discord/0.0.44/modules/pending/discord_voice-1.zip: 94%
2024-03-07T01:01:49.950Z [Modules] Streaming discord_voice@1 to /home/kapud/.config/discord/0.0.44/modules/pending/discord_voice-1.zip: 95%
2024-03-07T01:01:49.955Z [Modules] Streaming discord_voice@1 to /home/kapud/.config/discord/0.0.44/modules/pending/discord_voice-1.zip: 96%
2024-03-07T01:01:49.963Z [Modules] Streaming discord_voice@1 to /home/kapud/.config/discord/0.0.44/modules/pending/discord_voice-1.zip: 97%
2024-03-07T01:01:49.969Z [Modules] Streaming discord_voice@1 to /home/kapud/.config/discord/0.0.44/modules/pending/discord_voice-1.zip: 98%
2024-03-07T01:01:49.975Z [Modules] Streaming discord_voice@1 to /home/kapud/.config/discord/0.0.44/modules/pending/discord_voice-1.zip: 99%
2024-03-07T01:01:49.980Z [Modules] Streaming discord_voice@1 to /home/kapud/.config/discord/0.0.44/modules/pending/discord_voice-1.zip: 100%
2024-03-07T01:01:49.987Z [Modules] Finished module downloads. [success: 5] [failure: 0]
2024-03-07T01:01:49.988Z [Modules] Installing updates...
2024-03-07T01:01:49.989Z [Modules] Installing discord_desktop_core@1 from /home/kapud/.config/discord/0.0.44/modules/pending/discord_desktop_core-1.zip
2024-03-07T01:01:50.165Z [Modules] Installing discord_erlpack@1 from /home/kapud/.config/discord/0.0.44/modules/pending/discord_erlpack-1.zip
2024-03-07T01:01:50.253Z [Modules] Installing discord_spellcheck@1 from /home/kapud/.config/discord/0.0.44/modules/pending/discord_spellcheck-1.zip
2024-03-07T01:01:51.459Z [Modules] Installing discord_utils@1 from /home/kapud/.config/discord/0.0.44/modules/pending/discord_utils-1.zip
2024-03-07T01:01:51.660Z [Modules] Installing discord_voice@1 from /home/kapud/.config/discord/0.0.44/modules/pending/discord_voice-1.zip
2024-03-07T01:01:53.009Z [Modules] Finished module installations. [success: 5] [failure: 0]
2024-03-07T01:01:53.010Z [Modules] Checking for host updates.
2024-03-07T01:01:53.133Z [Modules] Host is up to date.
2024-03-07T01:01:53.133Z [Modules] Checking for module updates at https://discord.com/api/modules/stable/versions.json
2024-03-07T01:01:53.146Z [Modules] No module updates available.
2024-03-07T01:01:55.839Z [Modules] Starting to install discord_krisp...
2024-03-07T01:01:55.840Z [Modules] Fetching discord_krisp@1 from https://discord.com/api/modules/stable/discord_krisp/1
2024-03-07T01:01:55.840Z [Modules] Streaming discord_krisp@1 to /home/kapud/.config/discord/0.0.44/modules/pending/discord_krisp-1.zip
2024-03-07T01:01:55.858Z [Modules] Starting to install discord_game_utils...
2024-03-07T01:01:55.969Z [Modules] Streaming discord_krisp@1 to /home/kapud/.config/discord/0.0.44/modules/pending/discord_krisp-1.zip: 1%
2024-03-07T01:01:55.973Z [Modules] Streaming discord_krisp@1 to /home/kapud/.config/discord/0.0.44/modules/pending/discord_krisp-1.zip: 2%
2024-03-07T01:01:55.978Z [Modules] Streaming discord_krisp@1 to /home/kapud/.config/discord/0.0.44/modules/pending/discord_krisp-1.zip: 3%
2024-03-07T01:01:55.982Z [Modules] Streaming discord_krisp@1 to /home/kapud/.config/discord/0.0.44/modules/pending/discord_krisp-1.zip: 4%
2024-03-07T01:01:55.984Z [Modules] Streaming discord_krisp@1 to /home/kapud/.config/discord/0.0.44/modules/pending/discord_krisp-1.zip: 5%
2024-03-07T01:01:55.994Z [Modules] Streaming discord_krisp@1 to /home/kapud/.config/discord/0.0.44/modules/pending/discord_krisp-1.zip: 6%
2024-03-07T01:01:55.997Z [Modules] Streaming discord_krisp@1 to /home/kapud/.config/discord/0.0.44/modules/pending/discord_krisp-1.zip: 7%
2024-03-07T01:01:56.005Z [Modules] Streaming discord_krisp@1 to /home/kapud/.config/discord/0.0.44/modules/pending/discord_krisp-1.zip: 8%
2024-03-07T01:01:56.009Z [Modules] Streaming discord_krisp@1 to /home/kapud/.config/discord/0.0.44/modules/pending/discord_krisp-1.zip: 9%
2024-03-07T01:01:56.013Z [Modules] Streaming discord_krisp@1 to /home/kapud/.config/discord/0.0.44/modules/pending/discord_krisp-1.zip: 10%
2024-03-07T01:01:56.022Z [Modules] Streaming discord_krisp@1 to /home/kapud/.config/discord/0.0.44/modules/pending/discord_krisp-1.zip: 11%
2024-03-07T01:01:56.024Z [Modules] Streaming discord_krisp@1 to /home/kapud/.config/discord/0.0.44/modules/pending/discord_krisp-1.zip: 12%
2024-03-07T01:01:56.027Z [Modules] Streaming discord_krisp@1 to /home/kapud/.config/discord/0.0.44/modules/pending/discord_krisp-1.zip: 13%
2024-03-07T01:01:56.033Z [Modules] Streaming discord_krisp@1 to /home/kapud/.config/discord/0.0.44/modules/pending/discord_krisp-1.zip: 14%
2024-03-07T01:01:56.037Z [Modules] Streaming discord_krisp@1 to /home/kapud/.config/discord/0.0.44/modules/pending/discord_krisp-1.zip: 15%
2024-03-07T01:01:56.040Z [Modules] Streaming discord_krisp@1 to /home/kapud/.config/discord/0.0.44/modules/pending/discord_krisp-1.zip: 16%
2024-03-07T01:01:56.044Z [Modules] Streaming discord_krisp@1 to /home/kapud/.config/discord/0.0.44/modules/pending/discord_krisp-1.zip: 17%
2024-03-07T01:01:56.046Z [Modules] Streaming discord_krisp@1 to /home/kapud/.config/discord/0.0.44/modules/pending/discord_krisp-1.zip: 18%
2024-03-07T01:01:56.052Z [Modules] Streaming discord_krisp@1 to /home/kapud/.config/discord/0.0.44/modules/pending/discord_krisp-1.zip: 19%
2024-03-07T01:01:56.054Z [Modules] Streaming discord_krisp@1 to /home/kapud/.config/discord/0.0.44/modules/pending/discord_krisp-1.zip: 20%
2024-03-07T01:01:56.058Z [Modules] Streaming discord_krisp@1 to /home/kapud/.config/discord/0.0.44/modules/pending/discord_krisp-1.zip: 21%
2024-03-07T01:01:56.062Z [Modules] Streaming discord_krisp@1 to /home/kapud/.config/discord/0.0.44/modules/pending/discord_krisp-1.zip: 22%
2024-03-07T01:01:56.066Z [Modules] Streaming discord_krisp@1 to /home/kapud/.config/discord/0.0.44/modules/pending/discord_krisp-1.zip: 23%
2024-03-07T01:01:56.068Z [Modules] Streaming discord_krisp@1 to /home/kapud/.config/discord/0.0.44/modules/pending/discord_krisp-1.zip: 24%
2024-03-07T01:01:56.075Z [Modules] Streaming discord_krisp@1 to /home/kapud/.config/discord/0.0.44/modules/pending/discord_krisp-1.zip: 25%
2024-03-07T01:01:56.078Z [Modules] Streaming discord_krisp@1 to /home/kapud/.config/discord/0.0.44/modules/pending/discord_krisp-1.zip: 26%
2024-03-07T01:01:56.084Z [Modules] Streaming discord_krisp@1 to /home/kapud/.config/discord/0.0.44/modules/pending/discord_krisp-1.zip: 27%
2024-03-07T01:01:56.118Z [Modules] Streaming discord_krisp@1 to /home/kapud/.config/discord/0.0.44/modules/pending/discord_krisp-1.zip: 28%
2024-03-07T01:01:56.120Z [Modules] Streaming discord_krisp@1 to /home/kapud/.config/discord/0.0.44/modules/pending/discord_krisp-1.zip: 29%
2024-03-07T01:01:56.126Z [Modules] Streaming discord_krisp@1 to /home/kapud/.config/discord/0.0.44/modules/pending/discord_krisp-1.zip: 30%
2024-03-07T01:01:56.128Z [Modules] Streaming discord_krisp@1 to /home/kapud/.config/discord/0.0.44/modules/pending/discord_krisp-1.zip: 31%
2024-03-07T01:01:56.132Z [Modules] Streaming discord_krisp@1 to /home/kapud/.config/discord/0.0.44/modules/pending/discord_krisp-1.zip: 32%
2024-03-07T01:01:56.138Z [Modules] Streaming discord_krisp@1 to /home/kapud/.config/discord/0.0.44/modules/pending/discord_krisp-1.zip: 33%
2024-03-07T01:01:56.144Z [Modules] Streaming discord_krisp@1 to /home/kapud/.config/discord/0.0.44/modules/pending/discord_krisp-1.zip: 34%
2024-03-07T01:01:56.148Z [Modules] Streaming discord_krisp@1 to /home/kapud/.config/discord/0.0.44/modules/pending/discord_krisp-1.zip: 35%
2024-03-07T01:01:56.150Z [Modules] Streaming discord_krisp@1 to /home/kapud/.config/discord/0.0.44/modules/pending/discord_krisp-1.zip: 36%
2024-03-07T01:01:56.167Z [Modules] Streaming discord_krisp@1 to /home/kapud/.config/discord/0.0.44/modules/pending/discord_krisp-1.zip: 37%
2024-03-07T01:01:56.170Z [Modules] Streaming discord_krisp@1 to /home/kapud/.config/discord/0.0.44/modules/pending/discord_krisp-1.zip: 38%
2024-03-07T01:01:56.174Z [Modules] Streaming discord_krisp@1 to /home/kapud/.config/discord/0.0.44/modules/pending/discord_krisp-1.zip: 39%
2024-03-07T01:01:56.180Z [Modules] Streaming discord_krisp@1 to /home/kapud/.config/discord/0.0.44/modules/pending/discord_krisp-1.zip: 40%
2024-03-07T01:01:56.184Z [Modules] Streaming discord_krisp@1 to /home/kapud/.config/discord/0.0.44/modules/pending/discord_krisp-1.zip: 41%
2024-03-07T01:01:56.187Z [Modules] Streaming discord_krisp@1 to /home/kapud/.config/discord/0.0.44/modules/pending/discord_krisp-1.zip: 42%
2024-03-07T01:01:56.190Z [Modules] Streaming discord_krisp@1 to /home/kapud/.config/discord/0.0.44/modules/pending/discord_krisp-1.zip: 43%
2024-03-07T01:01:56.194Z [Modules] Streaming discord_krisp@1 to /home/kapud/.config/discord/0.0.44/modules/pending/discord_krisp-1.zip: 44%
2024-03-07T01:01:56.199Z [Modules] Streaming discord_krisp@1 to /home/kapud/.config/discord/0.0.44/modules/pending/discord_krisp-1.zip: 45%
2024-03-07T01:01:56.203Z [Modules] Streaming discord_krisp@1 to /home/kapud/.config/discord/0.0.44/modules/pending/discord_krisp-1.zip: 46%
2024-03-07T01:01:56.208Z [Modules] Streaming discord_krisp@1 to /home/kapud/.config/discord/0.0.44/modules/pending/discord_krisp-1.zip: 47%
2024-03-07T01:01:56.211Z [Modules] Streaming discord_krisp@1 to /home/kapud/.config/discord/0.0.44/modules/pending/discord_krisp-1.zip: 48%
2024-03-07T01:01:56.215Z [Modules] Streaming discord_krisp@1 to /home/kapud/.config/discord/0.0.44/modules/pending/discord_krisp-1.zip: 49%
2024-03-07T01:01:56.220Z [Modules] Streaming discord_krisp@1 to /home/kapud/.config/discord/0.0.44/modules/pending/discord_krisp-1.zip: 50%
2024-03-07T01:01:56.224Z [Modules] Streaming discord_krisp@1 to /home/kapud/.config/discord/0.0.44/modules/pending/discord_krisp-1.zip: 51%
2024-03-07T01:01:56.228Z [Modules] Streaming discord_krisp@1 to /home/kapud/.config/discord/0.0.44/modules/pending/discord_krisp-1.zip: 52%
2024-03-07T01:01:56.257Z [Modules] Streaming discord_krisp@1 to /home/kapud/.config/discord/0.0.44/modules/pending/discord_krisp-1.zip: 53%
2024-03-07T01:01:56.261Z [Modules] Streaming discord_krisp@1 to /home/kapud/.config/discord/0.0.44/modules/pending/discord_krisp-1.zip: 54%
2024-03-07T01:01:56.266Z [Modules] Streaming discord_krisp@1 to /home/kapud/.config/discord/0.0.44/modules/pending/discord_krisp-1.zip: 55%
2024-03-07T01:01:56.279Z [Modules] Streaming discord_krisp@1 to /home/kapud/.config/discord/0.0.44/modules/pending/discord_krisp-1.zip: 56%
2024-03-07T01:01:56.284Z [Modules] Streaming discord_krisp@1 to /home/kapud/.config/discord/0.0.44/modules/pending/discord_krisp-1.zip: 57%
2024-03-07T01:01:56.286Z [Modules] Streaming discord_krisp@1 to /home/kapud/.config/discord/0.0.44/modules/pending/discord_krisp-1.zip: 58%
2024-03-07T01:01:56.289Z [Modules] Streaming discord_krisp@1 to /home/kapud/.config/discord/0.0.44/modules/pending/discord_krisp-1.zip: 59%
2024-03-07T01:01:56.294Z [Modules] Streaming discord_krisp@1 to /home/kapud/.config/discord/0.0.44/modules/pending/discord_krisp-1.zip: 60%
2024-03-07T01:01:56.300Z [Modules] Streaming discord_krisp@1 to /home/kapud/.config/discord/0.0.44/modules/pending/discord_krisp-1.zip: 61%
2024-03-07T01:01:56.306Z [Modules] Streaming discord_krisp@1 to /home/kapud/.config/discord/0.0.44/modules/pending/discord_krisp-1.zip: 62%
2024-03-07T01:01:56.310Z [Modules] Streaming discord_krisp@1 to /home/kapud/.config/discord/0.0.44/modules/pending/discord_krisp-1.zip: 63%
2024-03-07T01:01:56.313Z [Modules] Streaming discord_krisp@1 to /home/kapud/.config/discord/0.0.44/modules/pending/discord_krisp-1.zip: 64%
2024-03-07T01:01:56.321Z [Modules] Streaming discord_krisp@1 to /home/kapud/.config/discord/0.0.44/modules/pending/discord_krisp-1.zip: 65%
2024-03-07T01:01:56.323Z [Modules] Streaming discord_krisp@1 to /home/kapud/.config/discord/0.0.44/modules/pending/discord_krisp-1.zip: 66%
2024-03-07T01:01:56.328Z [Modules] Streaming discord_krisp@1 to /home/kapud/.config/discord/0.0.44/modules/pending/discord_krisp-1.zip: 67%
2024-03-07T01:01:56.338Z [Modules] Streaming discord_krisp@1 to /home/kapud/.config/discord/0.0.44/modules/pending/discord_krisp-1.zip: 68%
2024-03-07T01:01:56.345Z [Modules] Streaming discord_krisp@1 to /home/kapud/.config/discord/0.0.44/modules/pending/discord_krisp-1.zip: 69%
2024-03-07T01:01:56.348Z [Modules] Streaming discord_krisp@1 to /home/kapud/.config/discord/0.0.44/modules/pending/discord_krisp-1.zip: 70%
2024-03-07T01:01:56.352Z [Modules] Streaming discord_krisp@1 to /home/kapud/.config/discord/0.0.44/modules/pending/discord_krisp-1.zip: 71%
2024-03-07T01:01:56.382Z [Modules] Streaming discord_krisp@1 to /home/kapud/.config/discord/0.0.44/modules/pending/discord_krisp-1.zip: 73%
2024-03-07T01:01:56.385Z [Modules] Streaming discord_krisp@1 to /home/kapud/.config/discord/0.0.44/modules/pending/discord_krisp-1.zip: 75%
2024-03-07T01:01:56.389Z [Modules] Streaming discord_krisp@1 to /home/kapud/.config/discord/0.0.44/modules/pending/discord_krisp-1.zip: 76%
2024-03-07T01:01:56.391Z [Modules] Streaming discord_krisp@1 to /home/kapud/.config/discord/0.0.44/modules/pending/discord_krisp-1.zip: 77%
2024-03-07T01:01:56.394Z [Modules] Streaming discord_krisp@1 to /home/kapud/.config/discord/0.0.44/modules/pending/discord_krisp-1.zip: 78%
2024-03-07T01:01:56.402Z [Modules] Streaming discord_krisp@1 to /home/kapud/.config/discord/0.0.44/modules/pending/discord_krisp-1.zip: 79%
2024-03-07T01:01:56.405Z [Modules] Streaming discord_krisp@1 to /home/kapud/.config/discord/0.0.44/modules/pending/discord_krisp-1.zip: 80%
2024-03-07T01:01:56.408Z [Modules] Streaming discord_krisp@1 to /home/kapud/.config/discord/0.0.44/modules/pending/discord_krisp-1.zip: 81%
2024-03-07T01:01:56.414Z [Modules] Streaming discord_krisp@1 to /home/kapud/.config/discord/0.0.44/modules/pending/discord_krisp-1.zip: 82%
2024-03-07T01:01:56.419Z [Modules] Streaming discord_krisp@1 to /home/kapud/.config/discord/0.0.44/modules/pending/discord_krisp-1.zip: 83%
2024-03-07T01:01:56.425Z [Modules] Streaming discord_krisp@1 to /home/kapud/.config/discord/0.0.44/modules/pending/discord_krisp-1.zip: 84%
2024-03-07T01:01:56.430Z [Modules] Streaming discord_krisp@1 to /home/kapud/.config/discord/0.0.44/modules/pending/discord_krisp-1.zip: 85%
2024-03-07T01:01:56.501Z [Modules] Streaming discord_krisp@1 to /home/kapud/.config/discord/0.0.44/modules/pending/discord_krisp-1.zip: 92%
2024-03-07T01:01:56.518Z [Modules] Streaming discord_krisp@1 to /home/kapud/.config/discord/0.0.44/modules/pending/discord_krisp-1.zip: 96%
2024-03-07T01:01:56.601Z [Modules] Streaming discord_krisp@1 to /home/kapud/.config/discord/0.0.44/modules/pending/discord_krisp-1.zip: 97%
2024-03-07T01:01:56.692Z [Modules] Streaming discord_krisp@1 to /home/kapud/.config/discord/0.0.44/modules/pending/discord_krisp-1.zip: 98%
2024-03-07T01:01:56.695Z [Modules] Streaming discord_krisp@1 to /home/kapud/.config/discord/0.0.44/modules/pending/discord_krisp-1.zip: 99%
2024-03-07T01:01:56.696Z [Modules] Streaming discord_krisp@1 to /home/kapud/.config/discord/0.0.44/modules/pending/discord_krisp-1.zip: 100%
2024-03-07T01:01:56.698Z [Modules] Fetching discord_game_utils@1 from https://discord.com/api/modules/stable/discord_game_utils/1
2024-03-07T01:01:56.699Z [Modules] Streaming discord_game_utils@1 to /home/kapud/.config/discord/0.0.44/modules/pending/discord_game_utils-1.zip
2024-03-07T01:01:56.699Z [Modules] Installing discord_krisp@1 from /home/kapud/.config/discord/0.0.44/modules/pending/discord_krisp-1.zip
2024-03-07T01:01:56.830Z [Modules] Streaming discord_game_utils@1 to /home/kapud/.config/discord/0.0.44/modules/pending/discord_game_utils-1.zip: 2%
2024-03-07T01:01:56.830Z [Modules] Streaming discord_game_utils@1 to /home/kapud/.config/discord/0.0.44/modules/pending/discord_game_utils-1.zip: 4%
2024-03-07T01:01:56.831Z [Modules] Streaming discord_game_utils@1 to /home/kapud/.config/discord/0.0.44/modules/pending/discord_game_utils-1.zip: 5%
2024-03-07T01:01:56.832Z [Modules] Streaming discord_game_utils@1 to /home/kapud/.config/discord/0.0.44/modules/pending/discord_game_utils-1.zip: 7%
2024-03-07T01:01:56.833Z [Modules] Streaming discord_game_utils@1 to /home/kapud/.config/discord/0.0.44/modules/pending/discord_game_utils-1.zip: 8%
2024-03-07T01:01:56.834Z [Modules] Streaming discord_game_utils@1 to /home/kapud/.config/discord/0.0.44/modules/pending/discord_game_utils-1.zip: 10%
2024-03-07T01:01:56.835Z [Modules] Streaming discord_game_utils@1 to /home/kapud/.config/discord/0.0.44/modules/pending/discord_game_utils-1.zip: 14%
2024-03-07T01:01:56.836Z [Modules] Streaming discord_game_utils@1 to /home/kapud/.config/discord/0.0.44/modules/pending/discord_game_utils-1.zip: 16%
2024-03-07T01:01:56.836Z [Modules] Streaming discord_game_utils@1 to /home/kapud/.config/discord/0.0.44/modules/pending/discord_game_utils-1.zip: 19%
2024-03-07T01:01:56.838Z [Modules] Streaming discord_game_utils@1 to /home/kapud/.config/discord/0.0.44/modules/pending/discord_game_utils-1.zip: 21%
2024-03-07T01:01:56.839Z [Modules] Streaming discord_game_utils@1 to /home/kapud/.config/discord/0.0.44/modules/pending/discord_game_utils-1.zip: 24%
2024-03-07T01:01:56.840Z [Modules] Streaming discord_game_utils@1 to /home/kapud/.config/discord/0.0.44/modules/pending/discord_game_utils-1.zip: 27%
2024-03-07T01:01:56.840Z [Modules] Streaming discord_game_utils@1 to /home/kapud/.config/discord/0.0.44/modules/pending/discord_game_utils-1.zip: 29%
2024-03-07T01:01:56.843Z [Modules] Streaming discord_game_utils@1 to /home/kapud/.config/discord/0.0.44/modules/pending/discord_game_utils-1.zip: 32%
2024-03-07T01:01:56.845Z [Modules] Streaming discord_game_utils@1 to /home/kapud/.config/discord/0.0.44/modules/pending/discord_game_utils-1.zip: 35%
2024-03-07T01:01:56.846Z [Modules] Streaming discord_game_utils@1 to /home/kapud/.config/discord/0.0.44/modules/pending/discord_game_utils-1.zip: 38%
2024-03-07T01:01:56.847Z [Modules] Streaming discord_game_utils@1 to /home/kapud/.config/discord/0.0.44/modules/pending/discord_game_utils-1.zip: 40%
2024-03-07T01:01:56.847Z [Modules] Streaming discord_game_utils@1 to /home/kapud/.config/discord/0.0.44/modules/pending/discord_game_utils-1.zip: 43%
2024-03-07T01:01:56.849Z [Modules] Streaming discord_game_utils@1 to /home/kapud/.config/discord/0.0.44/modules/pending/discord_game_utils-1.zip: 45%
2024-03-07T01:01:56.850Z [Modules] Streaming discord_game_utils@1 to /home/kapud/.config/discord/0.0.44/modules/pending/discord_game_utils-1.zip: 48%
2024-03-07T01:01:56.851Z [Modules] Streaming discord_game_utils@1 to /home/kapud/.config/discord/0.0.44/modules/pending/discord_game_utils-1.zip: 51%
2024-03-07T01:01:56.852Z [Modules] Streaming discord_game_utils@1 to /home/kapud/.config/discord/0.0.44/modules/pending/discord_game_utils-1.zip: 53%
2024-03-07T01:01:56.854Z [Modules] Streaming discord_game_utils@1 to /home/kapud/.config/discord/0.0.44/modules/pending/discord_game_utils-1.zip: 56%
2024-03-07T01:01:56.855Z [Modules] Streaming discord_game_utils@1 to /home/kapud/.config/discord/0.0.44/modules/pending/discord_game_utils-1.zip: 57%
2024-03-07T01:01:56.856Z [Modules] Streaming discord_game_utils@1 to /home/kapud/.config/discord/0.0.44/modules/pending/discord_game_utils-1.zip: 60%
2024-03-07T01:01:56.856Z [Modules] Streaming discord_game_utils@1 to /home/kapud/.config/discord/0.0.44/modules/pending/discord_game_utils-1.zip: 62%
2024-03-07T01:01:56.859Z [Modules] Streaming discord_game_utils@1 to /home/kapud/.config/discord/0.0.44/modules/pending/discord_game_utils-1.zip: 65%
2024-03-07T01:01:56.860Z [Modules] Streaming discord_game_utils@1 to /home/kapud/.config/discord/0.0.44/modules/pending/discord_game_utils-1.zip: 69%
2024-03-07T01:01:56.861Z [Modules] Streaming discord_game_utils@1 to /home/kapud/.config/discord/0.0.44/modules/pending/discord_game_utils-1.zip: 71%
2024-03-07T01:01:56.862Z [Modules] Streaming discord_game_utils@1 to /home/kapud/.config/discord/0.0.44/modules/pending/discord_game_utils-1.zip: 74%
2024-03-07T01:01:56.864Z [Modules] Streaming discord_game_utils@1 to /home/kapud/.config/discord/0.0.44/modules/pending/discord_game_utils-1.zip: 76%
2024-03-07T01:01:56.864Z [Modules] Streaming discord_game_utils@1 to /home/kapud/.config/discord/0.0.44/modules/pending/discord_game_utils-1.zip: 78%
2024-03-07T01:01:56.869Z [Modules] Streaming discord_game_utils@1 to /home/kapud/.config/discord/0.0.44/modules/pending/discord_game_utils-1.zip: 80%
2024-03-07T01:01:56.869Z [Modules] Streaming discord_game_utils@1 to /home/kapud/.config/discord/0.0.44/modules/pending/discord_game_utils-1.zip: 81%
2024-03-07T01:01:56.870Z [Modules] Streaming discord_game_utils@1 to /home/kapud/.config/discord/0.0.44/modules/pending/discord_game_utils-1.zip: 82%
2024-03-07T01:01:56.871Z [Modules] Streaming discord_game_utils@1 to /home/kapud/.config/discord/0.0.44/modules/pending/discord_game_utils-1.zip: 86%
2024-03-07T01:01:56.876Z [Modules] Streaming discord_game_utils@1 to /home/kapud/.config/discord/0.0.44/modules/pending/discord_game_utils-1.zip: 87%
2024-03-07T01:01:56.876Z [Modules] Streaming discord_game_utils@1 to /home/kapud/.config/discord/0.0.44/modules/pending/discord_game_utils-1.zip: 89%
2024-03-07T01:01:56.877Z [Modules] Streaming discord_game_utils@1 to /home/kapud/.config/discord/0.0.44/modules/pending/discord_game_utils-1.zip: 94%
2024-03-07T01:01:56.878Z [Modules] Streaming discord_game_utils@1 to /home/kapud/.config/discord/0.0.44/modules/pending/discord_game_utils-1.zip: 97%
2024-03-07T01:01:56.879Z [Modules] Streaming discord_game_utils@1 to /home/kapud/.config/discord/0.0.44/modules/pending/discord_game_utils-1.zip: 100%
2024-03-07T01:01:56.880Z [Modules] Finished module downloads. [success: 2] [failure: 0]
2024-03-07T01:01:57.161Z [Modules] Checking for host updates.
2024-03-07T01:01:57.265Z [Modules] Host is up to date.
2024-03-07T01:01:57.265Z [Modules] Checking for module updates at https://discord.com/api/modules/stable/versions.json
2024-03-07T01:01:57.269Z [Modules] No module updates available.
2024-03-07T01:01:57.353Z [Modules] Starting to install discord_rpc...
2024-03-07T01:01:57.354Z [Modules] Fetching discord_rpc@1 from https://discord.com/api/modules/stable/discord_rpc/1
2024-03-07T01:01:57.354Z [Modules] Streaming discord_rpc@1 to /home/kapud/.config/discord/0.0.44/modules/pending/discord_rpc-1.zip
2024-03-07T01:01:57.457Z [Modules] Installing discord_game_utils@1 from /home/kapud/.config/discord/0.0.44/modules/pending/discord_game_utils-1.zip
2024-03-07T01:01:57.479Z [Modules] Streaming discord_rpc@1 to /home/kapud/.config/discord/0.0.44/modules/pending/discord_rpc-1.zip: 100%
2024-03-07T01:01:57.480Z [Modules] Finished module downloads. [success: 1] [failure: 0]
2024-03-07T01:01:57.568Z [Modules] Installing discord_rpc@1 from /home/kapud/.config/discord/0.0.44/modules/pending/discord_rpc-1.zip
2024-03-07T01:01:57.593Z [Modules] Finished module installations. [success: 3] [failure: 0]
2024-03-07T02:02:34.730Z [Modules] Checking for host updates.
2024-03-07T02:02:34.908Z [Modules] Host is up to date.
2024-03-07T02:02:34.908Z [Modules] Checking for module updates at https://discord.com/api/modules/stable/versions.json
2024-03-07T02:02:34.977Z [Modules] No module updates available.
2024-03-07T03:01:55.023Z [Modules] Modules initializing
2024-03-07T03:01:55.023Z [Modules] Distribution: remote
2024-03-07T03:01:55.024Z [Modules] Host updates: enabled
2024-03-07T03:01:55.025Z [Modules] Module updates: enabled
2024-03-07T03:01:55.026Z [Modules] Module install path: /home/kapud/.config/discord/0.0.44/modules
2024-03-07T03:01:55.027Z [Modules] Module installed file path: /home/kapud/.config/discord/0.0.44/modules/installed.json
2024-03-07T03:01:55.027Z [Modules] Module download path: /home/kapud/.config/discord/0.0.44/modules/pending
2024-03-07T03:01:55.596Z [Modules] No updates to install
2024-03-07T03:01:55.598Z [Modules] Checking for host updates.
2024-03-07T03:01:55.874Z [Modules] Host is up to date.
2024-03-07T03:01:55.875Z [Modules] Checking for module updates at https://discord.com/api/modules/stable/versions.json
2024-03-07T03:01:55.915Z [Modules] No module updates available.
2024-03-07T03:01:59.633Z [Modules] Checking for host updates.
2024-03-07T03:01:59.743Z [Modules] Host is up to date.
2024-03-07T03:01:59.743Z [Modules] Checking for module updates at https://discord.com/api/modules/stable/versions.json
2024-03-07T03:01:59.747Z [Modules] No module updates available.
2024-03-07T04:06:28.985Z [Modules] Checking for host updates.
2024-03-07T04:06:29.268Z [Modules] Host is up to date.
2024-03-07T04:06:29.269Z [Modules] Checking for module updates at https://discord.com/api/modules/stable/versions.json
2024-03-07T04:06:29.312Z [Modules] No module updates available.
2024-03-08T00:33:02.023Z [Modules] Modules initializing
2024-03-08T00:33:02.023Z [Modules] Distribution: remote
2024-03-08T00:33:02.023Z [Modules] Host updates: enabled
2024-03-08T00:33:02.024Z [Modules] Module updates: enabled
2024-03-08T00:33:02.024Z [Modules] Module install path: /home/kapud/.config/discord/0.0.44/modules
2024-03-08T00:33:02.024Z [Modules] Module installed file path: /home/kapud/.config/discord/0.0.44/modules/installed.json
2024-03-08T00:33:02.024Z [Modules] Module download path: /home/kapud/.config/discord/0.0.44/modules/pending
2024-03-08T00:33:02.288Z [Modules] No updates to install
2024-03-08T00:33:02.290Z [Modules] Checking for host updates.
2024-03-08T00:33:02.567Z [Modules] Host is up to date.
2024-03-08T00:33:02.569Z [Modules] Checking for module updates at https://discord.com/api/modules/stable/versions.json
2024-03-08T00:33:02.622Z [Modules] No module updates available.
2024-03-08T00:33:05.987Z [Modules] Checking for host updates.
2024-03-08T00:33:06.082Z [Modules] Host is up to date.
2024-03-08T00:33:06.083Z [Modules] Checking for module updates at https://discord.com/api/modules/stable/versions.json
2024-03-08T00:33:06.086Z [Modules] No module updates available.
2024-03-08T13:34:04.809Z [Modules] Checking for host updates.
2024-03-08T13:34:05.013Z [Modules] Host is up to date.
2024-03-08T13:34:05.014Z [Modules] Checking for module updates at https://discord.com/api/modules/stable/versions.json
2024-03-08T13:34:05.068Z [Modules] No module updates available.
2024-03-08T18:29:19.676Z [Modules] Checking for host updates.
2024-03-08T18:29:19.820Z [Modules] Host is up to date.
2024-03-08T18:29:19.820Z [Modules] Checking for module updates at https://discord.com/api/modules/stable/versions.json
2024-03-08T18:29:19.849Z [Modules] No module updates available.
2024-03-08T19:29:19.680Z [Modules] Checking for host updates.
2024-03-08T19:29:19.819Z [Modules] Host is up to date.
2024-03-08T19:29:19.819Z [Modules] Checking for module updates at https://discord.com/api/modules/stable/versions.json
2024-03-08T19:29:19.859Z [Modules] No module updates available.
2024-03-10T02:37:58.046Z [Modules] Modules initializing
2024-03-10T02:37:58.047Z [Modules] Distribution: remote
2024-03-10T02:37:58.047Z [Modules] Host updates: enabled
2024-03-10T02:37:58.048Z [Modules] Module updates: enabled
2024-03-10T02:37:58.049Z [Modules] Module install path: /home/kapud/.config/discord/0.0.44/modules
2024-03-10T02:37:58.049Z [Modules] Module installed file path: /home/kapud/.config/discord/0.0.44/modules/installed.json
2024-03-10T02:37:58.050Z [Modules] Module download path: /home/kapud/.config/discord/0.0.44/modules/pending
2024-03-10T02:37:58.412Z [Modules] No updates to install
2024-03-10T02:37:58.414Z [Modules] Checking for host updates.
2024-03-10T02:37:58.671Z [Modules] Host is up to date.
2024-03-10T02:37:58.671Z [Modules] Checking for module updates at https://discord.com/api/modules/stable/versions.json
2024-03-10T02:37:58.750Z [Modules] No module updates available.
2024-03-10T02:38:02.813Z [Modules] Checking for host updates.
2024-03-10T02:38:02.897Z [Modules] Host is up to date.
2024-03-10T02:38:02.897Z [Modules] Checking for module updates at https://discord.com/api/modules/stable/versions.json
2024-03-10T02:38:02.902Z [Modules] No module updates available.
2024-03-10T03:38:28.153Z [Modules] Checking for host updates.
2024-03-10T03:38:28.293Z [Modules] Host is up to date.
2024-03-10T03:38:28.294Z [Modules] Checking for module updates at https://discord.com/api/modules/stable/versions.json
2024-03-10T03:38:28.338Z [Modules] No module updates available.
2024-03-10T15:07:36.373Z [Modules] Checking for host updates.
2024-03-10T15:07:36.517Z [Modules] Host is up to date.
2024-03-10T15:07:36.518Z [Modules] Checking for module updates at https://discord.com/api/modules/stable/versions.json
2024-03-10T15:07:36.564Z [Modules] No module updates available.
2024-03-10T16:07:36.373Z [Modules] Checking for host updates.
2024-03-10T16:07:36.550Z [Modules] Host is up to date.
2024-03-10T16:07:36.551Z [Modules] Checking for module updates at https://discord.com/api/modules/stable/versions.json
2024-03-10T16:07:36.604Z [Modules] No module updates available.
2024-03-10T17:07:36.369Z [Modules] Checking for host updates.
2024-03-10T17:07:36.481Z [Modules] Host is up to date.
2024-03-10T17:07:36.481Z [Modules] Checking for module updates at https://discord.com/api/modules/stable/versions.json
2024-03-10T17:07:36.526Z [Modules] No module updates available.
2024-03-10T18:07:36.369Z [Modules] Checking for host updates.
2024-03-10T18:07:36.500Z [Modules] Host is up to date.
2024-03-10T18:07:36.501Z [Modules] Checking for module updates at https://discord.com/api/modules/stable/versions.json
2024-03-10T18:07:36.548Z [Modules] No module updates available.
2024-03-10T19:07:36.368Z [Modules] Checking for host updates.
2024-03-10T19:07:36.524Z [Modules] Host is up to date.
2024-03-10T19:07:36.524Z [Modules] Checking for module updates at https://discord.com/api/modules/stable/versions.json
2024-03-10T19:07:36.560Z [Modules] No module updates available.
2024-03-10T19:34:39.747Z [Modules] Modules initializing
2024-03-10T19:34:39.748Z [Modules] Distribution: remote
2024-03-10T19:34:39.748Z [Modules] Host updates: enabled
2024-03-10T19:34:39.748Z [Modules] Module updates: enabled
2024-03-10T19:34:39.750Z [Modules] Module install path: /home/kapud/.config/discord/0.0.44/modules
2024-03-10T19:34:39.750Z [Modules] Module installed file path: /home/kapud/.config/discord/0.0.44/modules/installed.json
2024-03-10T19:34:39.751Z [Modules] Module download path: /home/kapud/.config/discord/0.0.44/modules/pending
2024-03-10T19:34:40.280Z [Modules] No updates to install
2024-03-10T19:34:40.282Z [Modules] Checking for host updates.
2024-03-10T19:34:40.553Z [Modules] Host is up to date.
2024-03-10T19:34:40.554Z [Modules] Checking for module updates at https://discord.com/api/modules/stable/versions.json
2024-03-10T19:34:40.605Z [Modules] No module updates available.
2024-03-10T19:34:46.060Z [Modules] Checking for host updates.
2024-03-10T19:34:46.155Z [Modules] Host is up to date.
2024-03-10T19:34:46.156Z [Modules] Checking for module updates at https://discord.com/api/modules/stable/versions.json
2024-03-10T19:34:46.160Z [Modules] No module updates available.
2024-03-10T20:34:46.063Z [Modules] Checking for host updates.
2024-03-10T20:34:46.202Z [Modules] Host is up to date.
2024-03-10T20:34:46.203Z [Modules] Checking for module updates at https://discord.com/api/modules/stable/versions.json
2024-03-10T20:34:46.246Z [Modules] No module updates available.
2024-03-10T21:34:46.062Z [Modules] Checking for host updates.
2024-03-10T21:34:46.254Z [Modules] Host is up to date.
2024-03-10T21:34:46.254Z [Modules] Checking for module updates at https://discord.com/api/modules/stable/versions.json
2024-03-10T21:34:46.304Z [Modules] No module updates available.
