2024-03-07T01:01:47.336Z 0: 

----------------------------------------------
2024-03-07T01:01:47.371Z 1: Discord starting: {"releaseChannel":"stable","version":"0.0.44"}, modulepath: /home/kapud/.config/discord/0.0.44/modules
2024-03-07T01:01:47.381Z 2: ✅ webContents.created web1 ""
2024-03-07T01:01:47.387Z 3: ✅ window.created win1 "discord"
2024-03-07T01:01:47.838Z 4: ✅ webContents.did-finish-load web1
2024-03-07T01:01:53.330Z 5: ✅ webContents.created web2 ""
2024-03-07T01:01:53.348Z 6: ✅ window.created win2 "Discord"
2024-03-07T01:01:56.360Z 7: ✅ webContents.did-finish-load web2
2024-03-07T01:01:56.457Z 8: window.close win1
2024-03-07T01:01:56.523Z 9: webContents.destroyed web1
2024-03-07T01:01:56.528Z 10: window.closed win1
2024-03-07T03:01:55.083Z 0: 

----------------------------------------------
2024-03-07T03:01:55.128Z 1: Discord starting: {"releaseChannel":"stable","version":"0.0.44"}, modulepath: /home/kapud/.config/discord/0.0.44/modules
2024-03-07T03:01:55.167Z 2: ✅ webContents.created web1 ""
2024-03-07T03:01:55.172Z 3: ✅ window.created win1 "discord"
2024-03-07T03:01:55.727Z 4: ✅ webContents.did-finish-load web1
2024-03-07T03:01:56.026Z 5: ✅ webContents.created web2 ""
2024-03-07T03:01:56.039Z 6: ✅ window.created win2 "Discord"
2024-03-07T03:01:59.102Z 7: ✅ webContents.did-finish-load web2
2024-03-07T03:01:59.183Z 8: window.close win1
2024-03-07T03:01:59.295Z 9: webContents.destroyed web1
2024-03-07T03:01:59.301Z 10: window.closed win1
2024-03-07T03:19:06.336Z 11: window.close win2
2024-03-07T04:08:08.106Z 12: webContents.destroyed web2
2024-03-08T00:33:02.061Z 0: 

----------------------------------------------
2024-03-08T00:33:02.082Z 1: Discord starting: {"releaseChannel":"stable","version":"0.0.44"}, modulepath: /home/kapud/.config/discord/0.0.44/modules
2024-03-08T00:33:02.114Z 2: ✅ webContents.created web1 ""
2024-03-08T00:33:02.118Z 3: ✅ window.created win1 "discord"
2024-03-08T00:33:02.385Z 4: ✅ webContents.did-finish-load web1
2024-03-08T00:33:02.743Z 5: ✅ webContents.created web2 ""
2024-03-08T00:33:02.760Z 6: ✅ window.created win2 "Discord"
2024-03-08T00:33:05.522Z 7: ✅ webContents.did-finish-load web2
2024-03-08T00:33:05.622Z 8: window.close win1
2024-03-08T00:33:05.646Z 9: webContents.destroyed web1
2024-03-08T00:33:05.650Z 10: window.closed win1
2024-03-08T00:34:45.469Z 11: window.close win2
2024-03-10T02:37:58.095Z 0: 

----------------------------------------------
2024-03-10T02:37:58.120Z 1: Discord starting: {"releaseChannel":"stable","version":"0.0.44"}, modulepath: /home/kapud/.config/discord/0.0.44/modules
2024-03-10T02:37:58.157Z 2: ✅ webContents.created web1 ""
2024-03-10T02:37:58.162Z 3: ✅ window.created win1 "discord"
2024-03-10T02:37:58.521Z 4: ✅ webContents.did-finish-load web1
2024-03-10T02:37:58.894Z 5: ✅ webContents.created web2 ""
2024-03-10T02:37:58.921Z 6: ✅ window.created win2 "Discord"
2024-03-10T02:38:02.227Z 7: ✅ webContents.did-finish-load web2
2024-03-10T02:38:02.327Z 8: window.close win1
2024-03-10T02:38:02.342Z 9: webContents.destroyed web1
2024-03-10T02:38:02.346Z 10: window.closed win1
2024-03-10T03:02:49.592Z 11: window.close win2
2024-03-10T18:05:43.402Z 0: 

----------------------------------------------
2024-03-10T18:05:43.412Z 1: Discord starting: {"releaseChannel":"stable","version":"0.0.44"}, modulepath: /home/kapud/.config/discord/0.0.44/modules
2024-03-10T19:34:39.801Z 0: 

----------------------------------------------
2024-03-10T19:34:39.859Z 1: Discord starting: {"releaseChannel":"stable","version":"0.0.44"}, modulepath: /home/kapud/.config/discord/0.0.44/modules
2024-03-10T19:34:39.908Z 2: ✅ webContents.created web1 ""
2024-03-10T19:34:39.913Z 3: ✅ window.created win1 "discord"
2024-03-10T19:34:40.418Z 4: ✅ webContents.did-finish-load web1
2024-03-10T19:34:40.842Z 5: ✅ webContents.created web2 ""
2024-03-10T19:34:40.922Z 6: ✅ window.created win2 "Discord"
2024-03-10T19:34:45.482Z 7: ✅ webContents.did-finish-load web2
2024-03-10T19:34:45.582Z 8: window.close win1
2024-03-10T19:34:45.607Z 9: webContents.destroyed web1
2024-03-10T19:34:45.611Z 10: window.closed win1
